<?xml version="1.0" encoding="UTF-8"?>
<!-- Generated by org.testng.reporters.JUnitReportReporter -->
<testsuite name="com.wbl.test.SearchDetailsTest" tests="3" time="46.865" ignored="0" failures="0" timestamp="18 Jul 2017 23:59:30 GMT" skipped="0" hostname="KFAutie-S47" errors="0">
  <testcase name="getSizeTest" time="7.374" classname="com.wbl.test.SearchDetailsTest"/>
  <testcase name="getColorTest" time="28.366" classname="com.wbl.test.SearchDetailsTest"/>
  <testcase name="getQuantityTest" time="11.125" classname="com.wbl.test.SearchDetailsTest"/>
</testsuite> <!-- com.wbl.test.SearchDetailsTest -->
